C:\Program Files (x86)\Microsoft Visual Studio\2017\Community\Common7\IDE\VC\VCTargets\Microsoft.CppBuild.targets(391,5): warning MSB8028: промежуточный каталог (x64\Debug\) содержит файлы, которые используются совместно с другим проектом (tryAddSfml.vcxproj).  Это может привести к ошибкам очистки и перестроения.
  ECS.cpp
  GameEngine.cpp
d:\github\gameecs\tryaddsfml\common.h(22): warning C4244: return: преобразование "double" в "float", возможна потеря данных
d:\github\gameecs\tryaddsfml\components.h(33): warning C4244: инициализация: преобразование "uint64_t" в "int", возможна потеря данных
d:\github\gameecs\tryaddsfml\components.h(59): warning C4244: инициализация: преобразование "int" в "float", возможна потеря данных
d:\github\gameecs\tryaddsfml\components.h(147): warning C4244: аргумент: преобразование "double" в "float", возможна потеря данных
d:\github\gameecs\tryaddsfml\components.h(156): warning C4244: аргумент: преобразование "double" в "float", возможна потеря данных
d:\github\gameecs\tryaddsfml\rendersystem.h(33): warning C4244: инициализация: преобразование "double" в "float", возможна потеря данных
d:\github\gameecs\tryaddsfml\rendersystem.h(34): warning C4244: инициализация: преобразование "double" в "float", возможна потеря данных
d:\github\gameecs\tryaddsfml\rendersystem.h(43): warning C4244: аргумент: преобразование "double" в "float", возможна потеря данных
d:\github\gameecs\tryaddsfml\rendersystem.h(45): warning C4244: инициализация: преобразование "double" в "int", возможна потеря данных
d:\github\gameecs\tryaddsfml\rendersystem.h(46): warning C4244: инициализация: преобразование "double" в "int", возможна потеря данных
d:\github\gameecs\tryaddsfml\rendersystem.h(48): warning C4018: >: несоответствие типов со знаком и без знака
d:\github\gameecs\tryaddsfml\rendersystem.h(51): warning C4018: >: несоответствие типов со знаком и без знака
d:\github\gameecs\tryaddsfml\rendersystem.h(60): warning C4244: аргумент: преобразование "int" в "float", возможна потеря данных
d:\github\gameecs\tryaddsfml\movementsystem.h(21): warning C4244: инициализация: преобразование "double" в "float", возможна потеря данных
d:\github\gameecs\tryaddsfml\movementsystem.h(43): warning C4244: аргумент: преобразование "double" в "float", возможна потеря данных
d:\github\gameecs\tryaddsfml\weaponsystem.h(57): warning C4244: инициализация: преобразование "double" в "float", возможна потеря данных
d:\github\gameecs\tryaddsfml\weaponsystem.h(58): warning C4244: инициализация: преобразование "double" в "float", возможна потеря данных
d:\github\gameecs\tryaddsfml\weaponsystem.h(87): warning C4244: аргумент: преобразование "double" в "float", возможна потеря данных
d:\github\gameecs\tryaddsfml\gameengine.cpp(99): warning C4244: аргумент: преобразование "int" в "float", возможна потеря данных
d:\github\gameecs\tryaddsfml\gameengine.cpp(133): warning C4244: инициализация: преобразование "sf::Int64" в "float", возможна потеря данных
d:\github\gameecs\tryaddsfml\gameengine.cpp(135): warning C4244: =: преобразование "double" в "float", возможна потеря данных
d:\github\gameecs\tryaddsfml\ecs.h(1078): warning C4244: аргумент: преобразование "int" в "float", возможна потеря данных
  d:\github\gameecs\tryaddsfml\gameengine.cpp(42): note: выполняется компиляция ссылки на экземпляр шаблон функции "ECS::ComponentHandle<Movement> ECS::Entity::assign<Movement,int>(int &&)"
d:\github\gameecs\tryaddsfml\ecs.h(1089): warning C4244: аргумент: преобразование "int" в "float", возможна потеря данных
  main.cpp
  Создание кода...
  tryAddSfml.vcxproj -> D:\GitHub\GameECS\x64\Debug\GameECS.exe
